2025-05-18 16:21:00 | WARN | repo=system-int | action=commit
2025-09-07 09:28:00 | INFO | repo=system-int | action=commit
2025-12-04 13:17:00 | INFO | repo=system-int | action=commit
2025-12-10 18:21:00 | WARN | repo=system-int | action=commit
2025-11-20 10:59:00 | WARN | repo=system-int | action=commit
2025-05-23 08:18:00 | INFO | repo=system-int | action=commit
2025-12-13 07:42:00 | WARN | repo=system-int | action=commit
2025-05-16 07:33:00 | WARN | repo=system-int | action=commit
2025-01-01 10:39:00 | DEBUG | repo=system-int | action=commit
2025-09-23 11:39:00 | DEBUG | repo=system-int | action=test | passed=true
2025-05-19 18:58:00 | INFO | repo=system-int | action=commit
2025-09-28 08:17:00 | DEBUG | repo=system-int | action=pull
2025-04-06 20:55:00 | DEBUG | repo=system-int | action=commit
2025-06-04 07:39:00 | WARN | repo=system-int | action=pull
2025-10-09 12:55:00 | WARN | repo=system-int | action=commit
2025-11-19 20:28:00 | DEBUG | repo=system-int | action=edit | files=4
2025-11-14 13:03:00 | INFO | repo=system-int | action=commit
2025-02-24 16:19:00 | DEBUG | repo=system-int | action=commit
2025-11-23 08:39:00 | INFO | repo=system-int | action=commit
2025-02-13 20:50:00 | INFO | repo=system-int | action=commit
2025-05-02 08:19:00 | INFO | repo=system-int | action=commit
2025-11-14 18:23:00 | DEBUG | repo=system-int | action=commit
